     1                                  ; lab5.asm
     2                                  
     3                                  SECTION .data ; Начало секции данных
     4 00000000 D09ED181D0BED0BAD0-     	string: DB 'Осокин Георгий',10 ; 'Осокин Георгий' плюс
     4 00000009 B8D0BD20D093D0B5D0-
     4 00000012 BED180D0B3D0B8D0B9-
     4 0000001B 0A                 
     5                                  				    ; символ перевода строки
     6                                  
     7                                  	stringLen: EQU $-string       ; Длина строки string
     8                                  
     9                                  SECTION .text                       ; Начало секции кода
    10                                  	GLOBAL _start
    11                                  
    12                                  _start:       ; Точка входа в программу
    13 00000000 B804000000              	mov eax,4                   ; Системный вызов для записи (sys_write)
    14 00000005 BB01000000              	mov ebx,1                   ; Описатель файла '1' - стандартный вывод
    15 0000000A B9[00000000]            	mov ecx,string               ; Адрес строки string в ecx
    16 0000000F BA1C000000              	mov edx,stringLen            ; Размер строки string
    17 00000014 CD80                    	int 80h                     ; Вызов ядра
    18                                  
    19 00000016 B801000000              	mov eax,1                   ; Системный вызов для выхода (sys_exit)
    20 0000001B BB00000000              	mov ebx,0                   ; Выход с кодом возврата '0' (без ошибок)
    21 00000020 CD80                    	int 80h                     ; Вызов ядра
